<?xml version="1.0" encoding="UTF-8"?>
<!-- Generated by org.testng.reporters.JUnitXMLReporter -->
<testsuite ignored="0" hostname="sadouski" failures="6" tests="11" name="Tests" time="50.043" errors="0" timestamp="2024-07-18T00:22:29 GMT+03:00">
  <testcase classname="Tests" name="testAttributesCreate" time="2.158"/>
  <testcase classname="Tests" name="testAttributesDelete" time="0.688"/>
  <testcase classname="Tests" name="testAttributesEdit" time="1.932"/>
  <testcase classname="Tests" name="testFilter" time="16.225"/>
  <testcase classname="Tests" name="testFilterCreate" time="5.564">
    <failure type="com.codeborne.selenide.ex.ElementNotFound" message="Element not found {By.xpath: //div/label[normalize-space(text())=&amp;apos;Фильтр удален&amp;apos;]}
Expected: visible
Screenshot: file:/C:/Users/sadouski/Documents/IdeaProjects/AqaPhobos/build/reports/tests/1721251325756.6.png
Page source: file:/C:/Users/sadouski/Documents/IdeaProjects/AqaPhobos/build/reports/tests/1721251325756.6.html
Timeout: 5 s.
Caused by: NoSuchElementException: no such element: Unable to locate element: {&amp;quot;method&amp;quot;:&amp;quot;xpath&amp;quot;,&amp;quot;selector&amp;quot;:&amp;quot;//div/label[normalize-space(text())=&amp;apos;Фильтр удален&amp;apos;]&amp;quot;}">
      <![CDATA[Element not found {By.xpath: //div/label[normalize-space(text())='Фильтр удален']}
Expected: visible
Screenshot: file:/C:/Users/sadouski/Documents/IdeaProjects/AqaPhobos/build/reports/tests/1721251325756.6.png
Page source: file:/C:/Users/sadouski/Documents/IdeaProjects/AqaPhobos/build/reports/tests/1721251325756.6.html
Timeout: 5 s.
Caused by: NoSuchElementException: no such element: Unable to locate element: {"method":"xpath","selector":"//div/label[normalize-space(text())='Фильтр удален']"}
at com.codeborne.selenide.impl.WebElementSource.createElementNotFoundError(WebElementSource.java:90)
at com.codeborne.selenide.impl.ElementFinder.createElementNotFoundError(ElementFinder.java:142)
at com.codeborne.selenide.impl.WebElementSource.handleError(WebElementSource.java:142)
at com.codeborne.selenide.impl.WebElementSource.checkConditionAndReturnElement(WebElementSource.java:126)
at com.codeborne.selenide.impl.WebElementSource.checkCondition(WebElementSource.java:103)
at com.codeborne.selenide.commands.Should.execute(Should.java:30)
at com.codeborne.selenide.commands.Should.execute(Should.java:14)
at com.codeborne.selenide.commands.Commands.execute(Commands.java:162)
at com.codeborne.selenide.impl.SelenideElementProxy.dispatchAndRetry(SelenideElementProxy.java:134)
at com.codeborne.selenide.impl.SelenideElementProxy.invoke(SelenideElementProxy.java:86)
at jdk.proxy2/jdk.proxy2.$Proxy10.shouldBe(Unknown Source)
at FiltersTab.deleteProcess(FiltersTab.java:171)
at FiltersTab.deleteFilter(FiltersTab.java:121)
at FiltersTab.createFilter(FiltersTab.java:63)
at Tests.testFilterCreate(Tests.java:66)
at java.base/java.util.ArrayList.forEach(ArrayList.java:1596)
Caused by: org.openqa.selenium.NoSuchElementException: no such element: Unable to locate element: {"method":"xpath","selector":"//div/label[normalize-space(text())='Фильтр удален']"}
  (Session info: chrome=126.0.6478.127)
For documentation on this error, please visit: https://www.selenium.dev/documentation/webdriver/troubleshooting/errors#no-such-element-exception
Build info: version: '4.22.0', revision: 'c5f3146703*'
System info: os.name: 'Windows 11', os.arch: 'amd64', os.version: '10.0', java.version: '21.0.4'
Driver info: org.openqa.selenium.chrome.ChromeDriver
Command: [9a05e69758f50e0d8dc0099250add30a, findElement {value=//div/label[normalize-space(text())='Фильтр удален'], using=xpath}]
Capabilities {acceptInsecureCerts: true, browserName: chrome, browserVersion: 126.0.6478.127, chrome: {chromedriverVersion: 126.0.6478.182 (5b5d8292ddf..., userDataDir: C:\Users\sadouski\AppData\L...}, fedcm:accounts: true, goog:chromeOptions: {debuggerAddress: localhost:57599}, networkConnectionEnabled: false, pageLoadStrategy: normal, platformName: windows, proxy: Proxy(), se:cdp: ws://localhost:57599/devtoo..., se:cdpVersion: 126.0.6478.127, setWindowRect: true, strictFileInteractability: false, timeouts: {implicit: 0, pageLoad: 300000, script: 30000}, unhandledPromptBehavior: accept, webauthn:extension:credBlob: true, webauthn:extension:largeBlob: true, webauthn:extension:minPinLength: true, webauthn:extension:prf: true, webauthn:virtualAuthenticators: true}
Session ID: 9a05e69758f50e0d8dc0099250add30a
at org.openqa.selenium.remote.ErrorCodec.decode(ErrorCodec.java:167)
at org.openqa.selenium.remote.codec.w3c.W3CHttpResponseCodec.decode(W3CHttpResponseCodec.java:138)
at org.openqa.selenium.remote.codec.w3c.W3CHttpResponseCodec.decode(W3CHttpResponseCodec.java:50)
at org.openqa.selenium.remote.HttpCommandExecutor.execute(HttpCommandExecutor.java:190)
at org.openqa.selenium.remote.service.DriverCommandExecutor.invokeExecute(DriverCommandExecutor.java:216)
at org.openqa.selenium.remote.service.DriverCommandExecutor.execute(DriverCommandExecutor.java:174)
at org.openqa.selenium.remote.RemoteWebDriver.execute(RemoteWebDriver.java:518)
at org.openqa.selenium.remote.ElementLocation$ElementFinder$2.findElement(ElementLocation.java:165)
at org.openqa.selenium.remote.ElementLocation.findElement(ElementLocation.java:59)
at org.openqa.selenium.remote.RemoteWebDriver.findElement(RemoteWebDriver.java:355)
at org.openqa.selenium.remote.RemoteWebDriver.findElement(RemoteWebDriver.java:349)
at com.codeborne.selenide.impl.WebElementSelector.findElement(WebElementSelector.java:73)
at com.codeborne.selenide.impl.WebElementSelector.findElement(WebElementSelector.java:46)
at com.codeborne.selenide.impl.WebElementSelector.findElement(WebElementSelector.java:35)
at com.codeborne.selenide.impl.ElementFinder.getWebElement(ElementFinder.java:122)
at com.codeborne.selenide.impl.WebElementSource.checkConditionAndReturnElement(WebElementSource.java:115)
... 41 more
... Removed 32 stack frames]]>
    </failure>
  </testcase> <!-- testFilterCreate -->
  <testcase classname="Tests" name="testFilterDelete" time="5.264">
    <failure type="com.codeborne.selenide.ex.ElementNotFound" message="Element not found {By.xpath: //div/label[normalize-space(text())=&amp;apos;Фильтр удален&amp;apos;]}
Expected: visible
Screenshot: file:/C:/Users/sadouski/Documents/IdeaProjects/AqaPhobos/build/reports/tests/1721251330996.7.png
Page source: file:/C:/Users/sadouski/Documents/IdeaProjects/AqaPhobos/build/reports/tests/1721251330996.7.html
Timeout: 5 s.
Caused by: NoSuchElementException: no such element: Unable to locate element: {&amp;quot;method&amp;quot;:&amp;quot;xpath&amp;quot;,&amp;quot;selector&amp;quot;:&amp;quot;//div/label[normalize-space(text())=&amp;apos;Фильтр удален&amp;apos;]&amp;quot;}">
      <![CDATA[Element not found {By.xpath: //div/label[normalize-space(text())='Фильтр удален']}
Expected: visible
Screenshot: file:/C:/Users/sadouski/Documents/IdeaProjects/AqaPhobos/build/reports/tests/1721251330996.7.png
Page source: file:/C:/Users/sadouski/Documents/IdeaProjects/AqaPhobos/build/reports/tests/1721251330996.7.html
Timeout: 5 s.
Caused by: NoSuchElementException: no such element: Unable to locate element: {"method":"xpath","selector":"//div/label[normalize-space(text())='Фильтр удален']"}
at com.codeborne.selenide.impl.WebElementSource.createElementNotFoundError(WebElementSource.java:90)
at com.codeborne.selenide.impl.ElementFinder.createElementNotFoundError(ElementFinder.java:142)
at com.codeborne.selenide.impl.WebElementSource.handleError(WebElementSource.java:142)
at com.codeborne.selenide.impl.WebElementSource.checkConditionAndReturnElement(WebElementSource.java:126)
at com.codeborne.selenide.impl.WebElementSource.checkCondition(WebElementSource.java:103)
at com.codeborne.selenide.commands.Should.execute(Should.java:30)
at com.codeborne.selenide.commands.Should.execute(Should.java:14)
at com.codeborne.selenide.commands.Commands.execute(Commands.java:162)
at com.codeborne.selenide.impl.SelenideElementProxy.dispatchAndRetry(SelenideElementProxy.java:134)
at com.codeborne.selenide.impl.SelenideElementProxy.invoke(SelenideElementProxy.java:86)
at jdk.proxy2/jdk.proxy2.$Proxy10.shouldBe(Unknown Source)
at FiltersTab.deleteProcess(FiltersTab.java:171)
at FiltersTab.deleteFilter(FiltersTab.java:121)
at Tests.testFilterDelete(Tests.java:48)
at java.base/java.util.ArrayList.forEach(ArrayList.java:1596)
Caused by: org.openqa.selenium.NoSuchElementException: no such element: Unable to locate element: {"method":"xpath","selector":"//div/label[normalize-space(text())='Фильтр удален']"}
  (Session info: chrome=126.0.6478.127)
For documentation on this error, please visit: https://www.selenium.dev/documentation/webdriver/troubleshooting/errors#no-such-element-exception
Build info: version: '4.22.0', revision: 'c5f3146703*'
System info: os.name: 'Windows 11', os.arch: 'amd64', os.version: '10.0', java.version: '21.0.4'
Driver info: org.openqa.selenium.chrome.ChromeDriver
Command: [9a05e69758f50e0d8dc0099250add30a, findElement {value=//div/label[normalize-space(text())='Фильтр удален'], using=xpath}]
Capabilities {acceptInsecureCerts: true, browserName: chrome, browserVersion: 126.0.6478.127, chrome: {chromedriverVersion: 126.0.6478.182 (5b5d8292ddf..., userDataDir: C:\Users\sadouski\AppData\L...}, fedcm:accounts: true, goog:chromeOptions: {debuggerAddress: localhost:57599}, networkConnectionEnabled: false, pageLoadStrategy: normal, platformName: windows, proxy: Proxy(), se:cdp: ws://localhost:57599/devtoo..., se:cdpVersion: 126.0.6478.127, setWindowRect: true, strictFileInteractability: false, timeouts: {implicit: 0, pageLoad: 300000, script: 30000}, unhandledPromptBehavior: accept, webauthn:extension:credBlob: true, webauthn:extension:largeBlob: true, webauthn:extension:minPinLength: true, webauthn:extension:prf: true, webauthn:virtualAuthenticators: true}
Session ID: 9a05e69758f50e0d8dc0099250add30a
at org.openqa.selenium.remote.ErrorCodec.decode(ErrorCodec.java:167)
at org.openqa.selenium.remote.codec.w3c.W3CHttpResponseCodec.decode(W3CHttpResponseCodec.java:138)
at org.openqa.selenium.remote.codec.w3c.W3CHttpResponseCodec.decode(W3CHttpResponseCodec.java:50)
at org.openqa.selenium.remote.HttpCommandExecutor.execute(HttpCommandExecutor.java:190)
at org.openqa.selenium.remote.service.DriverCommandExecutor.invokeExecute(DriverCommandExecutor.java:216)
at org.openqa.selenium.remote.service.DriverCommandExecutor.execute(DriverCommandExecutor.java:174)
at org.openqa.selenium.remote.RemoteWebDriver.execute(RemoteWebDriver.java:518)
at org.openqa.selenium.remote.ElementLocation$ElementFinder$2.findElement(ElementLocation.java:165)
at org.openqa.selenium.remote.ElementLocation.findElement(ElementLocation.java:59)
at org.openqa.selenium.remote.RemoteWebDriver.findElement(RemoteWebDriver.java:355)
at org.openqa.selenium.remote.RemoteWebDriver.findElement(RemoteWebDriver.java:349)
at com.codeborne.selenide.impl.WebElementSelector.findElement(WebElementSelector.java:73)
at com.codeborne.selenide.impl.WebElementSelector.findElement(WebElementSelector.java:46)
at com.codeborne.selenide.impl.WebElementSelector.findElement(WebElementSelector.java:35)
at com.codeborne.selenide.impl.ElementFinder.getWebElement(ElementFinder.java:122)
at com.codeborne.selenide.impl.WebElementSource.checkConditionAndReturnElement(WebElementSource.java:115)
... 40 more
... Removed 32 stack frames]]>
    </failure>
  </testcase> <!-- testFilterDelete -->
  <testcase classname="Tests" name="testFilterEdit" time="1.399"/>
  <testcase classname="Tests" name="testScenarioCreate" time="5.59">
    <failure type="com.codeborne.selenide.ex.ElementNotFound" message="Element not found {By.xpath: //div/label[normalize-space(text())=&amp;apos;Сценарий добавлен&amp;apos;]}
Expected: visible
Screenshot: file:/C:/Users/sadouski/Documents/IdeaProjects/AqaPhobos/build/reports/tests/1721251337977.8.png
Page source: file:/C:/Users/sadouski/Documents/IdeaProjects/AqaPhobos/build/reports/tests/1721251337977.8.html
Timeout: 5 s.
Caused by: NoSuchElementException: no such element: Unable to locate element: {&amp;quot;method&amp;quot;:&amp;quot;xpath&amp;quot;,&amp;quot;selector&amp;quot;:&amp;quot;//div/label[normalize-space(text())=&amp;apos;Сценарий добавлен&amp;apos;]&amp;quot;}">
      <![CDATA[Element not found {By.xpath: //div/label[normalize-space(text())='Сценарий добавлен']}
Expected: visible
Screenshot: file:/C:/Users/sadouski/Documents/IdeaProjects/AqaPhobos/build/reports/tests/1721251337977.8.png
Page source: file:/C:/Users/sadouski/Documents/IdeaProjects/AqaPhobos/build/reports/tests/1721251337977.8.html
Timeout: 5 s.
Caused by: NoSuchElementException: no such element: Unable to locate element: {"method":"xpath","selector":"//div/label[normalize-space(text())='Сценарий добавлен']"}
at com.codeborne.selenide.impl.WebElementSource.createElementNotFoundError(WebElementSource.java:90)
at com.codeborne.selenide.impl.ElementFinder.createElementNotFoundError(ElementFinder.java:142)
at com.codeborne.selenide.impl.WebElementSource.handleError(WebElementSource.java:142)
at com.codeborne.selenide.impl.WebElementSource.checkConditionAndReturnElement(WebElementSource.java:126)
at com.codeborne.selenide.impl.WebElementSource.checkCondition(WebElementSource.java:103)
at com.codeborne.selenide.commands.Should.execute(Should.java:30)
at com.codeborne.selenide.commands.Should.execute(Should.java:14)
at com.codeborne.selenide.commands.Commands.execute(Commands.java:162)
at com.codeborne.selenide.impl.SelenideElementProxy.dispatchAndRetry(SelenideElementProxy.java:134)
at com.codeborne.selenide.impl.SelenideElementProxy.invoke(SelenideElementProxy.java:86)
at jdk.proxy2/jdk.proxy2.$Proxy10.shouldBe(Unknown Source)
at ScenarioTab.createScenario(ScenarioTab.java:78)
at Tests.testScenarioCreate(Tests.java:104)
at java.base/java.util.ArrayList.forEach(ArrayList.java:1596)
Caused by: org.openqa.selenium.NoSuchElementException: no such element: Unable to locate element: {"method":"xpath","selector":"//div/label[normalize-space(text())='Сценарий добавлен']"}
  (Session info: chrome=126.0.6478.127)
For documentation on this error, please visit: https://www.selenium.dev/documentation/webdriver/troubleshooting/errors#no-such-element-exception
Build info: version: '4.22.0', revision: 'c5f3146703*'
System info: os.name: 'Windows 11', os.arch: 'amd64', os.version: '10.0', java.version: '21.0.4'
Driver info: org.openqa.selenium.chrome.ChromeDriver
Command: [9a05e69758f50e0d8dc0099250add30a, findElement {value=//div/label[normalize-space(text())='Сценарий добавлен'], using=xpath}]
Capabilities {acceptInsecureCerts: true, browserName: chrome, browserVersion: 126.0.6478.127, chrome: {chromedriverVersion: 126.0.6478.182 (5b5d8292ddf..., userDataDir: C:\Users\sadouski\AppData\L...}, fedcm:accounts: true, goog:chromeOptions: {debuggerAddress: localhost:57599}, networkConnectionEnabled: false, pageLoadStrategy: normal, platformName: windows, proxy: Proxy(), se:cdp: ws://localhost:57599/devtoo..., se:cdpVersion: 126.0.6478.127, setWindowRect: true, strictFileInteractability: false, timeouts: {implicit: 0, pageLoad: 300000, script: 30000}, unhandledPromptBehavior: accept, webauthn:extension:credBlob: true, webauthn:extension:largeBlob: true, webauthn:extension:minPinLength: true, webauthn:extension:prf: true, webauthn:virtualAuthenticators: true}
Session ID: 9a05e69758f50e0d8dc0099250add30a
at org.openqa.selenium.remote.ErrorCodec.decode(ErrorCodec.java:167)
at org.openqa.selenium.remote.codec.w3c.W3CHttpResponseCodec.decode(W3CHttpResponseCodec.java:138)
at org.openqa.selenium.remote.codec.w3c.W3CHttpResponseCodec.decode(W3CHttpResponseCodec.java:50)
at org.openqa.selenium.remote.HttpCommandExecutor.execute(HttpCommandExecutor.java:190)
at org.openqa.selenium.remote.service.DriverCommandExecutor.invokeExecute(DriverCommandExecutor.java:216)
at org.openqa.selenium.remote.service.DriverCommandExecutor.execute(DriverCommandExecutor.java:174)
at org.openqa.selenium.remote.RemoteWebDriver.execute(RemoteWebDriver.java:518)
at org.openqa.selenium.remote.ElementLocation$ElementFinder$2.findElement(ElementLocation.java:165)
at org.openqa.selenium.remote.ElementLocation.findElement(ElementLocation.java:59)
at org.openqa.selenium.remote.RemoteWebDriver.findElement(RemoteWebDriver.java:355)
at org.openqa.selenium.remote.RemoteWebDriver.findElement(RemoteWebDriver.java:349)
at com.codeborne.selenide.impl.WebElementSelector.findElement(WebElementSelector.java:73)
at com.codeborne.selenide.impl.WebElementSelector.findElement(WebElementSelector.java:46)
at com.codeborne.selenide.impl.WebElementSelector.findElement(WebElementSelector.java:35)
at com.codeborne.selenide.impl.ElementFinder.getWebElement(ElementFinder.java:122)
at com.codeborne.selenide.impl.WebElementSource.checkConditionAndReturnElement(WebElementSource.java:115)
... 39 more
... Removed 32 stack frames]]>
    </failure>
  </testcase> <!-- testScenarioCreate -->
  <testcase classname="Tests" name="testScenarioDelete" time="4.992">
    <failure type="com.codeborne.selenide.ex.InvalidStateError" message="Invalid element state [By.xpath: //a[contains(text(), &amp;apos;Scenario_test&amp;apos;)]/../../td[9]/app-icon]: element click intercepted: Element &amp;lt;app-icon _ngcontent-ng-c929870496=&amp;quot;&amp;quot; _nghost-ng-c3843224795=&amp;quot;&amp;quot;&amp;gt;...&amp;lt;/app-icon&amp;gt; is not clickable at point (1308, 235). Other element would receive the click: &amp;lt;app-overlay _nghost-ng-c1671121884=&amp;quot;&amp;quot; class=&amp;quot;center&amp;quot;&amp;gt;...&amp;lt;/app-overlay&amp;gt;
Screenshot: file:/C:/Users/sadouski/Documents/IdeaProjects/AqaPhobos/build/reports/tests/1721251342979.9.png
Page source: file:/C:/Users/sadouski/Documents/IdeaProjects/AqaPhobos/build/reports/tests/1721251342979.9.html
Timeout: 4 s.
Caused by: ElementClickInterceptedException: element click intercepted: Element &amp;lt;app-icon _ngcontent-ng-c929870496=&amp;quot;&amp;quot; _nghost-ng-c3843224795=&amp;quot;&amp;quot;&amp;gt;...&amp;lt;/app-icon&amp;gt; is not clickable at point (1308, 235). Other element would receive the click: &amp;lt;app-overlay _nghost-ng-c1671121884=&amp;quot;&amp;quot; class=&amp;quot;center&amp;quot;&amp;gt;...&amp;lt;/app-overlay&amp;gt;">
      <![CDATA[Invalid element state [By.xpath: //a[contains(text(), 'Scenario_test')]/../../td[9]/app-icon]: element click intercepted: Element <app-icon _ngcontent-ng-c929870496="" _nghost-ng-c3843224795="">...</app-icon> is not clickable at point (1308, 235). Other element would receive the click: <app-overlay _nghost-ng-c1671121884="" class="center">...</app-overlay>
Screenshot: file:/C:/Users/sadouski/Documents/IdeaProjects/AqaPhobos/build/reports/tests/1721251342979.9.png
Page source: file:/C:/Users/sadouski/Documents/IdeaProjects/AqaPhobos/build/reports/tests/1721251342979.9.html
Timeout: 4 s.
Caused by: ElementClickInterceptedException: element click intercepted: Element <app-icon _ngcontent-ng-c929870496="" _nghost-ng-c3843224795="">...</app-icon> is not clickable at point (1308, 235). Other element would receive the click: <app-overlay _nghost-ng-c1671121884="" class="center">...</app-overlay>
at com.codeborne.selenide.impl.ExceptionWrapper.wrap(ExceptionWrapper.java:26)
at com.codeborne.selenide.impl.SelenideElementProxy.dispatchAndRetry(SelenideElementProxy.java:156)
at com.codeborne.selenide.impl.SelenideElementProxy.invoke(SelenideElementProxy.java:86)
at jdk.proxy2/jdk.proxy2.$Proxy10.click(Unknown Source)
at ScenarioTab.deleteProcess(ScenarioTab.java:197)
at ScenarioTab.deleteScenario(ScenarioTab.java:124)
at Tests.testScenarioDelete(Tests.java:86)
at java.base/java.util.ArrayList.forEach(ArrayList.java:1596)
Caused by: org.openqa.selenium.ElementClickInterceptedException: element click intercepted: Element <app-icon _ngcontent-ng-c929870496="" _nghost-ng-c3843224795="">...</app-icon> is not clickable at point (1308, 235). Other element would receive the click: <app-overlay _nghost-ng-c1671121884="" class="center">...</app-overlay>
  (Session info: chrome=126.0.6478.127)
Build info: version: '4.22.0', revision: 'c5f3146703*'
System info: os.name: 'Windows 11', os.arch: 'amd64', os.version: '10.0', java.version: '21.0.4'
Driver info: org.openqa.selenium.chrome.ChromeDriver
Command: [9a05e69758f50e0d8dc0099250add30a, clickElement {id=f.3A25C01D05B6C24CB64B124D9C9629E2.d.1E76AA97917F8000B687AAF58BF89262.e.555}]
Capabilities {acceptInsecureCerts: true, browserName: chrome, browserVersion: 126.0.6478.127, chrome: {chromedriverVersion: 126.0.6478.182 (5b5d8292ddf..., userDataDir: C:\Users\sadouski\AppData\L...}, fedcm:accounts: true, goog:chromeOptions: {debuggerAddress: localhost:57599}, networkConnectionEnabled: false, pageLoadStrategy: normal, platformName: windows, proxy: Proxy(), se:cdp: ws://localhost:57599/devtoo..., se:cdpVersion: 126.0.6478.127, setWindowRect: true, strictFileInteractability: false, timeouts: {implicit: 0, pageLoad: 300000, script: 30000}, unhandledPromptBehavior: accept, webauthn:extension:credBlob: true, webauthn:extension:largeBlob: true, webauthn:extension:minPinLength: true, webauthn:extension:prf: true, webauthn:virtualAuthenticators: true}
Element: [[ChromeDriver: chrome on windows (9a05e69758f50e0d8dc0099250add30a)] -> xpath: //a[contains(text(), 'Scenario_test')]/../../td[9]/app-icon]
Session ID: 9a05e69758f50e0d8dc0099250add30a
at org.openqa.selenium.remote.ErrorCodec.decode(ErrorCodec.java:167)
at org.openqa.selenium.remote.codec.w3c.W3CHttpResponseCodec.decode(W3CHttpResponseCodec.java:138)
at org.openqa.selenium.remote.codec.w3c.W3CHttpResponseCodec.decode(W3CHttpResponseCodec.java:50)
at org.openqa.selenium.remote.HttpCommandExecutor.execute(HttpCommandExecutor.java:190)
at org.openqa.selenium.remote.service.DriverCommandExecutor.invokeExecute(DriverCommandExecutor.java:216)
at org.openqa.selenium.remote.service.DriverCommandExecutor.execute(DriverCommandExecutor.java:174)
at org.openqa.selenium.remote.RemoteWebDriver.execute(RemoteWebDriver.java:518)
at org.openqa.selenium.remote.RemoteWebElement.execute(RemoteWebElement.java:223)
at org.openqa.selenium.remote.RemoteWebElement.click(RemoteWebElement.java:76)
at com.codeborne.selenide.commands.Click.defaultClick(Click.java:106)
at com.codeborne.selenide.commands.Click.doClick(Click.java:83)
at com.codeborne.selenide.commands.Click.click(Click.java:59)
at com.codeborne.selenide.commands.Click.execute(Click.java:34)
at com.codeborne.selenide.commands.Click.execute(Click.java:26)
at com.codeborne.selenide.commands.Commands.execute(Commands.java:162)
at com.codeborne.selenide.impl.SelenideElementProxy.dispatchAndRetry(SelenideElementProxy.java:134)
... 35 more
... Removed 32 stack frames]]>
    </failure>
  </testcase> <!-- testScenarioDelete -->
  <testcase classname="Tests" name="testScenarioEdit" time="4.982">
    <failure type="com.codeborne.selenide.ex.InvalidStateError" message="Invalid element state [By.xpath: //a[contains(text(), &amp;apos;Scenario_test&amp;apos;)]/../../td[9]/app-icon]: element click intercepted: Element &amp;lt;app-icon _ngcontent-ng-c929870496=&amp;quot;&amp;quot; _nghost-ng-c3843224795=&amp;quot;&amp;quot;&amp;gt;...&amp;lt;/app-icon&amp;gt; is not clickable at point (1308, 235). Other element would receive the click: &amp;lt;app-overlay _nghost-ng-c1671121884=&amp;quot;&amp;quot; class=&amp;quot;center&amp;quot;&amp;gt;...&amp;lt;/app-overlay&amp;gt;
Screenshot: file:/C:/Users/sadouski/Documents/IdeaProjects/AqaPhobos/build/reports/tests/1721251347964.10.png
Page source: file:/C:/Users/sadouski/Documents/IdeaProjects/AqaPhobos/build/reports/tests/1721251347964.10.html
Timeout: 4 s.
Caused by: ElementClickInterceptedException: element click intercepted: Element &amp;lt;app-icon _ngcontent-ng-c929870496=&amp;quot;&amp;quot; _nghost-ng-c3843224795=&amp;quot;&amp;quot;&amp;gt;...&amp;lt;/app-icon&amp;gt; is not clickable at point (1308, 235). Other element would receive the click: &amp;lt;app-overlay _nghost-ng-c1671121884=&amp;quot;&amp;quot; class=&amp;quot;center&amp;quot;&amp;gt;...&amp;lt;/app-overlay&amp;gt;">
      <![CDATA[Invalid element state [By.xpath: //a[contains(text(), 'Scenario_test')]/../../td[9]/app-icon]: element click intercepted: Element <app-icon _ngcontent-ng-c929870496="" _nghost-ng-c3843224795="">...</app-icon> is not clickable at point (1308, 235). Other element would receive the click: <app-overlay _nghost-ng-c1671121884="" class="center">...</app-overlay>
Screenshot: file:/C:/Users/sadouski/Documents/IdeaProjects/AqaPhobos/build/reports/tests/1721251347964.10.png
Page source: file:/C:/Users/sadouski/Documents/IdeaProjects/AqaPhobos/build/reports/tests/1721251347964.10.html
Timeout: 4 s.
Caused by: ElementClickInterceptedException: element click intercepted: Element <app-icon _ngcontent-ng-c929870496="" _nghost-ng-c3843224795="">...</app-icon> is not clickable at point (1308, 235). Other element would receive the click: <app-overlay _nghost-ng-c1671121884="" class="center">...</app-overlay>
at com.codeborne.selenide.impl.ExceptionWrapper.wrap(ExceptionWrapper.java:26)
at com.codeborne.selenide.impl.SelenideElementProxy.dispatchAndRetry(SelenideElementProxy.java:156)
at com.codeborne.selenide.impl.SelenideElementProxy.invoke(SelenideElementProxy.java:86)
at jdk.proxy2/jdk.proxy2.$Proxy10.click(Unknown Source)
at ScenarioTab.editProcess(ScenarioTab.java:179)
at ScenarioTab.editScenario(ScenarioTab.java:163)
at Tests.testScenarioEdit(Tests.java:95)
at java.base/java.util.ArrayList.forEach(ArrayList.java:1596)
Caused by: org.openqa.selenium.ElementClickInterceptedException: element click intercepted: Element <app-icon _ngcontent-ng-c929870496="" _nghost-ng-c3843224795="">...</app-icon> is not clickable at point (1308, 235). Other element would receive the click: <app-overlay _nghost-ng-c1671121884="" class="center">...</app-overlay>
  (Session info: chrome=126.0.6478.127)
Build info: version: '4.22.0', revision: 'c5f3146703*'
System info: os.name: 'Windows 11', os.arch: 'amd64', os.version: '10.0', java.version: '21.0.4'
Driver info: org.openqa.selenium.chrome.ChromeDriver
Command: [9a05e69758f50e0d8dc0099250add30a, clickElement {id=f.3A25C01D05B6C24CB64B124D9C9629E2.d.1E76AA97917F8000B687AAF58BF89262.e.555}]
Capabilities {acceptInsecureCerts: true, browserName: chrome, browserVersion: 126.0.6478.127, chrome: {chromedriverVersion: 126.0.6478.182 (5b5d8292ddf..., userDataDir: C:\Users\sadouski\AppData\L...}, fedcm:accounts: true, goog:chromeOptions: {debuggerAddress: localhost:57599}, networkConnectionEnabled: false, pageLoadStrategy: normal, platformName: windows, proxy: Proxy(), se:cdp: ws://localhost:57599/devtoo..., se:cdpVersion: 126.0.6478.127, setWindowRect: true, strictFileInteractability: false, timeouts: {implicit: 0, pageLoad: 300000, script: 30000}, unhandledPromptBehavior: accept, webauthn:extension:credBlob: true, webauthn:extension:largeBlob: true, webauthn:extension:minPinLength: true, webauthn:extension:prf: true, webauthn:virtualAuthenticators: true}
Element: [[ChromeDriver: chrome on windows (9a05e69758f50e0d8dc0099250add30a)] -> xpath: //a[contains(text(), 'Scenario_test')]/../../td[9]/app-icon]
Session ID: 9a05e69758f50e0d8dc0099250add30a
at org.openqa.selenium.remote.ErrorCodec.decode(ErrorCodec.java:167)
at org.openqa.selenium.remote.codec.w3c.W3CHttpResponseCodec.decode(W3CHttpResponseCodec.java:138)
at org.openqa.selenium.remote.codec.w3c.W3CHttpResponseCodec.decode(W3CHttpResponseCodec.java:50)
at org.openqa.selenium.remote.HttpCommandExecutor.execute(HttpCommandExecutor.java:190)
at org.openqa.selenium.remote.service.DriverCommandExecutor.invokeExecute(DriverCommandExecutor.java:216)
at org.openqa.selenium.remote.service.DriverCommandExecutor.execute(DriverCommandExecutor.java:174)
at org.openqa.selenium.remote.RemoteWebDriver.execute(RemoteWebDriver.java:518)
at org.openqa.selenium.remote.RemoteWebElement.execute(RemoteWebElement.java:223)
at org.openqa.selenium.remote.RemoteWebElement.click(RemoteWebElement.java:76)
at com.codeborne.selenide.commands.Click.defaultClick(Click.java:106)
at com.codeborne.selenide.commands.Click.doClick(Click.java:83)
at com.codeborne.selenide.commands.Click.click(Click.java:59)
at com.codeborne.selenide.commands.Click.execute(Click.java:34)
at com.codeborne.selenide.commands.Click.execute(Click.java:26)
at com.codeborne.selenide.commands.Commands.execute(Commands.java:162)
at com.codeborne.selenide.impl.SelenideElementProxy.dispatchAndRetry(SelenideElementProxy.java:134)
... 35 more
... Removed 32 stack frames]]>
    </failure>
  </testcase> <!-- testScenarioEdit -->
  <testcase classname="Tests" name="testScenarioFilterScanario" time="1.131">
    <failure type="com.codeborne.selenide.ex.InvalidStateError" message="Invalid element state [By.xpath: //div/app-text-box[contains(@placeholder, &amp;apos;Поиск&amp;apos;)]/following-sibling::app-icon[text()=&amp;apos;help&amp;apos;]]: element click intercepted: Element &amp;lt;app-icon _ngcontent-ng-c2993090274=&amp;quot;&amp;quot; _nghost-ng-c3843224795=&amp;quot;&amp;quot;&amp;gt;...&amp;lt;/app-icon&amp;gt; is not clickable at point (247, 136). Other element would receive the click: &amp;lt;app-overlay _nghost-ng-c1671121884=&amp;quot;&amp;quot; class=&amp;quot;center&amp;quot;&amp;gt;...&amp;lt;/app-overlay&amp;gt;
Screenshot: file:/C:/Users/sadouski/Documents/IdeaProjects/AqaPhobos/build/reports/tests/1721251349121.11.png
Page source: file:/C:/Users/sadouski/Documents/IdeaProjects/AqaPhobos/build/reports/tests/1721251349121.11.html
Timeout: 100 ms.
Caused by: ElementClickInterceptedException: element click intercepted: Element &amp;lt;app-icon _ngcontent-ng-c2993090274=&amp;quot;&amp;quot; _nghost-ng-c3843224795=&amp;quot;&amp;quot;&amp;gt;...&amp;lt;/app-icon&amp;gt; is not clickable at point (247, 136). Other element would receive the click: &amp;lt;app-overlay _nghost-ng-c1671121884=&amp;quot;&amp;quot; class=&amp;quot;center&amp;quot;&amp;gt;...&amp;lt;/app-overlay&amp;gt;">
      <![CDATA[Invalid element state [By.xpath: //div/app-text-box[contains(@placeholder, 'Поиск')]/following-sibling::app-icon[text()='help']]: element click intercepted: Element <app-icon _ngcontent-ng-c2993090274="" _nghost-ng-c3843224795="">...</app-icon> is not clickable at point (247, 136). Other element would receive the click: <app-overlay _nghost-ng-c1671121884="" class="center">...</app-overlay>
Screenshot: file:/C:/Users/sadouski/Documents/IdeaProjects/AqaPhobos/build/reports/tests/1721251349121.11.png
Page source: file:/C:/Users/sadouski/Documents/IdeaProjects/AqaPhobos/build/reports/tests/1721251349121.11.html
Timeout: 100 ms.
Caused by: ElementClickInterceptedException: element click intercepted: Element <app-icon _ngcontent-ng-c2993090274="" _nghost-ng-c3843224795="">...</app-icon> is not clickable at point (247, 136). Other element would receive the click: <app-overlay _nghost-ng-c1671121884="" class="center">...</app-overlay>
at com.codeborne.selenide.impl.ExceptionWrapper.wrap(ExceptionWrapper.java:26)
at com.codeborne.selenide.impl.SelenideElementProxy.dispatchAndRetry(SelenideElementProxy.java:156)
at com.codeborne.selenide.impl.SelenideElementProxy.invoke(SelenideElementProxy.java:86)
at jdk.proxy2/jdk.proxy2.$Proxy10.click(Unknown Source)
at SearchFilter.checkAvailableAttributes(SearchFilter.java:80)
at SearchFilter.numberOfColumn(SearchFilter.java:59)
at SearchFilter.searchFilter(SearchFilter.java:26)
at Tests.testScenarioFilterScanario(Tests.java:112)
at java.base/java.util.ArrayList.forEach(ArrayList.java:1596)
Caused by: org.openqa.selenium.ElementClickInterceptedException: element click intercepted: Element <app-icon _ngcontent-ng-c2993090274="" _nghost-ng-c3843224795="">...</app-icon> is not clickable at point (247, 136). Other element would receive the click: <app-overlay _nghost-ng-c1671121884="" class="center">...</app-overlay>
  (Session info: chrome=126.0.6478.127)
Build info: version: '4.22.0', revision: 'c5f3146703*'
System info: os.name: 'Windows 11', os.arch: 'amd64', os.version: '10.0', java.version: '21.0.4'
Driver info: org.openqa.selenium.chrome.ChromeDriver
Command: [9a05e69758f50e0d8dc0099250add30a, clickElement {id=f.3A25C01D05B6C24CB64B124D9C9629E2.d.1E76AA97917F8000B687AAF58BF89262.e.556}]
Capabilities {acceptInsecureCerts: true, browserName: chrome, browserVersion: 126.0.6478.127, chrome: {chromedriverVersion: 126.0.6478.182 (5b5d8292ddf..., userDataDir: C:\Users\sadouski\AppData\L...}, fedcm:accounts: true, goog:chromeOptions: {debuggerAddress: localhost:57599}, networkConnectionEnabled: false, pageLoadStrategy: normal, platformName: windows, proxy: Proxy(), se:cdp: ws://localhost:57599/devtoo..., se:cdpVersion: 126.0.6478.127, setWindowRect: true, strictFileInteractability: false, timeouts: {implicit: 0, pageLoad: 300000, script: 30000}, unhandledPromptBehavior: accept, webauthn:extension:credBlob: true, webauthn:extension:largeBlob: true, webauthn:extension:minPinLength: true, webauthn:extension:prf: true, webauthn:virtualAuthenticators: true}
Element: [[ChromeDriver: chrome on windows (9a05e69758f50e0d8dc0099250add30a)] -> xpath: //div/app-text-box[contains(@placeholder, 'Поиск')]/following-sibling::app-icon[text()='help']]
Session ID: 9a05e69758f50e0d8dc0099250add30a
at org.openqa.selenium.remote.ErrorCodec.decode(ErrorCodec.java:167)
at org.openqa.selenium.remote.codec.w3c.W3CHttpResponseCodec.decode(W3CHttpResponseCodec.java:138)
at org.openqa.selenium.remote.codec.w3c.W3CHttpResponseCodec.decode(W3CHttpResponseCodec.java:50)
at org.openqa.selenium.remote.HttpCommandExecutor.execute(HttpCommandExecutor.java:190)
at org.openqa.selenium.remote.service.DriverCommandExecutor.invokeExecute(DriverCommandExecutor.java:216)
at org.openqa.selenium.remote.service.DriverCommandExecutor.execute(DriverCommandExecutor.java:174)
at org.openqa.selenium.remote.RemoteWebDriver.execute(RemoteWebDriver.java:518)
at org.openqa.selenium.remote.RemoteWebElement.execute(RemoteWebElement.java:223)
at org.openqa.selenium.remote.RemoteWebElement.click(RemoteWebElement.java:76)
at com.codeborne.selenide.commands.Click.defaultClick(Click.java:106)
at com.codeborne.selenide.commands.Click.doClick(Click.java:83)
at com.codeborne.selenide.commands.Click.click(Click.java:59)
at com.codeborne.selenide.commands.Click.execute(Click.java:34)
at com.codeborne.selenide.commands.Click.execute(Click.java:26)
at com.codeborne.selenide.commands.Commands.execute(Commands.java:162)
at com.codeborne.selenide.impl.SelenideElementProxy.dispatchAndRetry(SelenideElementProxy.java:134)
... 36 more
... Removed 32 stack frames]]>
    </failure>
  </testcase> <!-- testScenarioFilterScanario -->
</testsuite> <!-- Tests -->
